Started at Mon May 08 02:48:40 UTC 2023
Processing calculator13
Offering calculator13 to Project Build Discarder
Processing Hola mundo
Offering Hola mundo to Project Build Discarder
Finished at Mon May 08 02:48:40 UTC 2023. 1ms
Started at Mon May 08 03:48:40 UTC 2023
Processing calculator13
Offering calculator13 to Project Build Discarder
Processing Hola mundo
Offering Hola mundo to Project Build Discarder
Finished at Mon May 08 03:48:40 UTC 2023. 1ms
Started at Mon May 08 04:48:40 UTC 2023
Processing calculator13
Offering calculator13 to Project Build Discarder
Processing Hola mundo
Offering Hola mundo to Project Build Discarder
Finished at Mon May 08 04:48:40 UTC 2023. 0ms
Started at Mon May 08 05:48:40 UTC 2023
Processing calculator13
Offering calculator13 to Project Build Discarder
Processing Hola mundo
Offering Hola mundo to Project Build Discarder
Finished at Mon May 08 05:48:40 UTC 2023. 1ms
Started at Mon May 08 06:48:40 UTC 2023
Processing calculator13
Offering calculator13 to Project Build Discarder
Processing Hola mundo
Offering Hola mundo to Project Build Discarder
Finished at Mon May 08 06:48:40 UTC 2023. 0ms
Started at Mon May 08 07:48:40 UTC 2023
Processing calculator13
Offering calculator13 to Project Build Discarder
Processing Hola mundo
Offering Hola mundo to Project Build Discarder
Finished at Mon May 08 07:48:40 UTC 2023. 1ms
Started at Mon May 08 08:48:40 UTC 2023
Processing calculator13
Offering calculator13 to Project Build Discarder
Processing Hola mundo
Offering Hola mundo to Project Build Discarder
Finished at Mon May 08 08:48:40 UTC 2023. 0ms
Started at Mon May 08 09:48:40 UTC 2023
Processing calculator13
Offering calculator13 to Project Build Discarder
Processing Hola mundo
Offering Hola mundo to Project Build Discarder
Finished at Mon May 08 09:48:40 UTC 2023. 0ms
Started at Mon May 08 10:48:40 UTC 2023
Processing calculator13
Offering calculator13 to Project Build Discarder
Processing Hola mundo
Offering Hola mundo to Project Build Discarder
Finished at Mon May 08 10:48:40 UTC 2023. 1ms
Started at Mon May 08 11:48:40 UTC 2023
Processing calculator13
Offering calculator13 to Project Build Discarder
Processing Hola mundo
Offering Hola mundo to Project Build Discarder
Finished at Mon May 08 11:48:40 UTC 2023. 1ms
Started at Mon May 08 12:48:40 UTC 2023
Processing calculator13
Offering calculator13 to Project Build Discarder
Processing Hola mundo
Offering Hola mundo to Project Build Discarder
Finished at Mon May 08 12:48:40 UTC 2023. 1ms
Started at Mon May 08 13:48:40 UTC 2023
Processing calculator13
Offering calculator13 to Project Build Discarder
Processing Hola mundo
Offering Hola mundo to Project Build Discarder
Finished at Mon May 08 13:48:40 UTC 2023. 0ms
